# JRE version: Java(TM) SE Runtime Environment (8.0_74-b02) (build 1.8.0_74-b02)
# Java VM: Java HotSpot(TM) 64-Bit Server VM (25.74-b02 mixed mode bsd-amd64 compressed oops)
Heap:
 PSYoungGen      total 67072K, used 43252K [0x0000000795580000, 0x000000079a080000, 0x00000007c0000000)
  eden space 62464K, 69% used [0x0000000795580000,0x0000000797fa5040,0x0000000799280000)
  from space 4608K, 2% used [0x0000000799c00000,0x0000000799c18000,0x000000079a080000)
  to   space 7168K, 0% used [0x0000000799280000,0x0000000799280000,0x0000000799980000)
 ParOldGen       total 87552K, used 26760K [0x0000000740000000, 0x0000000745580000, 0x0000000795580000)
  object space 87552K, 30% used [0x0000000740000000,0x0000000741a221a8,0x0000000745580000)
 Metaspace       used 19592K, capacity 19801K, committed 19968K, reserved 1067008K
  class space    used 1914K, capacity 1987K, committed 2048K, reserved 1048576K
GC Heap History (10 events):
Event: 373.882 GC heap before
{Heap before GC invocations=24 (full 0):
 PSYoungGen      total 73216K, used 72800K [0x0000000795580000, 0x000000079af80000, 0x00000007c0000000)
  eden space 72704K, 100% used [0x0000000795580000,0x0000000799c80000,0x0000000799c80000)
  from space 512K, 18% used [0x0000000799f00000,0x0000000799f18000,0x0000000799f80000)
  to   space 9728K, 0% used [0x000000079a600000,0x000000079a600000,0x000000079af80000)
 ParOldGen       total 87552K, used 26760K [0x0000000740000000, 0x0000000745580000, 0x0000000795580000)
  object space 87552K, 30% used [0x0000000740000000,0x0000000741a221a8,0x0000000745580000)
 Metaspace       used 19557K, capacity 19737K, committed 19968K, reserved 1067008K
  class space    used 1907K, capacity 1987K, committed 2048K, reserved 1048576K
Event: 373.883 GC heap after
Heap after GC invocations=24 (full 0):
 PSYoungGen      total 77312K, used 96K [0x0000000795580000, 0x000000079ac80000, 0x00000007c0000000)
  eden space 70656K, 0% used [0x0000000795580000,0x0000000795580000,0x0000000799a80000)
  from space 6656K, 1% used [0x000000079a600000,0x000000079a618000,0x000000079ac80000)
  to   space 9216K, 0% used [0x0000000799a80000,0x0000000799a80000,0x000000079a380000)
 ParOldGen       total 87552K, used 26760K [0x0000000740000000, 0x0000000745580000, 0x0000000795580000)
  object space 87552K, 30% used [0x0000000740000000,0x0000000741a221a8,0x0000000745580000)
 Metaspace       used 19557K, capacity 19737K, committed 19968K, reserved 1067008K
  class space    used 1907K, capacity 1987K, committed 2048K, reserved 1048576K
}
Event: 387.921 GC heap before
{Heap before GC invocations=25 (full 0):
 PSYoungGen      total 77312K, used 70752K [0x0000000795580000, 0x000000079ac80000, 0x00000007c0000000)
  eden space 70656K, 100% used [0x0000000795580000,0x0000000799a80000,0x0000000799a80000)
  from space 6656K, 1% used [0x000000079a600000,0x000000079a618000,0x000000079ac80000)
  to   space 9216K, 0% used [0x0000000799a80000,0x0000000799a80000,0x000000079a380000)
 ParOldGen       total 87552K, used 26760K [0x0000000740000000, 0x0000000745580000, 0x0000000795580000)
  object space 87552K, 30% used [0x0000000740000000,0x0000000741a221a8,0x0000000745580000)
 Metaspace       used 19557K, capacity 19737K, committed 19968K, reserved 1067008K
  class space    used 1907K, capacity 1987K, committed 2048K, reserved 1048576K
Event: 387.922 GC heap after
Heap after GC invocations=25 (full 0):
 PSYoungGen      total 69120K, used 64K [0x0000000795580000, 0x000000079a980000, 0x00000007c0000000)
  eden space 68608K, 0% used [0x0000000795580000,0x0000000795580000,0x0000000799880000)
  from space 512K, 12% used [0x0000000799a80000,0x0000000799a90000,0x0000000799b00000)
  to   space 8704K, 0% used [0x000000079a100000,0x000000079a100000,0x000000079a980000)
 ParOldGen       total 87552K, used 26760K [0x0000000740000000, 0x0000000745580000, 0x0000000795580000)
  object space 87552K, 30% used [0x0000000740000000,0x0000000741a221a8,0x0000000745580000)
 Metaspace       used 19557K, capacity 19737K, committed 19968K, reserved 1067008K
  class space    used 1907K, capacity 1987K, committed 2048K, reserved 1048576K
}
Event: 401.608 GC heap before
{Heap before GC invocations=26 (full 0):
 PSYoungGen      total 69120K, used 68672K [0x0000000795580000, 0x000000079a980000, 0x00000007c0000000)
  eden space 68608K, 100% used [0x0000000795580000,0x0000000799880000,0x0000000799880000)
  from space 512K, 12% used [0x0000000799a80000,0x0000000799a90000,0x0000000799b00000)
  to   space 8704K, 0% used [0x000000079a100000,0x000000079a100000,0x000000079a980000)
 ParOldGen       total 87552K, used 26760K [0x0000000740000000, 0x0000000745580000, 0x0000000795580000)
  object space 87552K, 30% used [0x0000000740000000,0x0000000741a221a8,0x0000000745580000)
 Metaspace       used 19557K, capacity 19737K, committed 19968K, reserved 1067008K
  class space    used 1907K, capacity 1987K, committed 2048K, reserved 1048576K
Event: 401.619 GC heap after
Heap after GC invocations=26 (full 0):
 PSYoungGen      total 72192K, used 64K [0x0000000795580000, 0x000000079a680000, 0x00000007c0000000)
  eden space 66560K, 0% used [0x0000000795580000,0x0000000795580000,0x0000000799680000)
  from space 5632K, 1% used [0x000000079a100000,0x000000079a110000,0x000000079a680000)
  to   space 8192K, 0% used [0x0000000799680000,0x0000000799680000,0x0000000799e80000)
 ParOldGen       total 87552K, used 26760K [0x0000000740000000, 0x0000000745580000, 0x0000000795580000)
  object space 87552K, 30% used [0x0000000740000000,0x0000000741a221a8,0x0000000745580000)
 Metaspace       used 19557K, capacity 19737K, committed 19968K, reserved 1067008K
  class space    used 1907K, capacity 1987K, committed 2048K, reserved 1048576K
}
Event: 415.092 GC heap before
{Heap before GC invocations=27 (full 0):
 PSYoungGen      total 72192K, used 66624K [0x0000000795580000, 0x000000079a680000, 0x00000007c0000000)
  eden space 66560K, 100% used [0x0000000795580000,0x0000000799680000,0x0000000799680000)
  from space 5632K, 1% used [0x000000079a100000,0x000000079a110000,0x000000079a680000)
  to   space 8192K, 0% used [0x0000000799680000,0x0000000799680000,0x0000000799e80000)
 ParOldGen       total 87552K, used 26760K [0x0000000740000000, 0x0000000745580000, 0x0000000795580000)
  object space 87552K, 30% used [0x0000000740000000,0x0000000741a221a8,0x0000000745580000)
 Metaspace       used 19557K, capacity 19737K, committed 19968K, reserved 1067008K
  class space    used 1907K, capacity 1987K, committed 2048K, reserved 1048576K
Event: 415.094 GC heap after
Heap after GC invocations=27 (full 0):
 PSYoungGen      total 65024K, used 64K [0x0000000795580000, 0x000000079a380000, 0x00000007c0000000)
  eden space 64512K, 0% used [0x0000000795580000,0x0000000795580000,0x0000000799480000)
  from space 512K, 12% used [0x0000000799680000,0x0000000799690000,0x0000000799700000)
  to   space 7680K, 0% used [0x0000000799c00000,0x0000000799c00000,0x000000079a380000)
 ParOldGen       total 87552K, used 26760K [0x0000000740000000, 0x0000000745580000, 0x0000000795580000)
  object space 87552K, 30% used [0x0000000740000000,0x0000000741a221a8,0x0000000745580000)
 Metaspace       used 19557K, capacity 19737K, committed 19968K, reserved 1067008K
  class space    used 1907K, capacity 1987K, committed 2048K, reserved 1048576K
}
Event: 428.059 GC heap before
{Heap before GC invocations=28 (full 0):
 PSYoungGen      total 65024K, used 64576K [0x0000000795580000, 0x000000079a380000, 0x00000007c0000000)
  eden space 64512K, 100% used [0x0000000795580000,0x0000000799480000,0x0000000799480000)
  from space 512K, 12% used [0x0000000799680000,0x0000000799690000,0x0000000799700000)
  to   space 7680K, 0% used [0x0000000799c00000,0x0000000799c00000,0x000000079a380000)
 ParOldGen       total 87552K, used 26760K [0x0000000740000000, 0x0000000745580000, 0x0000000795580000)
  object space 87552K, 30% used [0x0000000740000000,0x0000000741a221a8,0x0000000745580000)
 Metaspace       used 19557K, capacity 19737K, committed 19968K, reserved 1067008K
  class space    used 1907K, capacity 1987K, committed 2048K, reserved 1048576K
Event: 428.071 GC heap after
Heap after GC invocations=28 (full 0):
 PSYoungGen      total 67072K, used 96K [0x0000000795580000, 0x000000079a080000, 0x00000007c0000000)
  eden space 62464K, 0% used [0x0000000795580000,0x0000000795580000,0x0000000799280000)
  from space 4608K, 2% used [0x0000000799c00000,0x0000000799c18000,0x000000079a080000)
  to   space 7168K, 0% used [0x0000000799280000,0x0000000799280000,0x0000000799980000)
 ParOldGen       total 87552K, used 26760K [0x0000000740000000, 0x0000000745580000, 0x0000000795580000)
  object space 87552K, 30% used [0x0000000740000000,0x0000000741a221a8,0x0000000745580000)
 Metaspace       used 19557K, capacity 19737K, committed 19968K, reserved 1067008K
  class space    used 1907K, capacity 1987K, committed 2048K, reserved 1048576K
}

